[22:05:44] [ServerMain/INFO]: Environment: Environment[sessionHost=https://sessionserver.mojang.com, servicesHost=https://api.minecraftservices.com, name=PROD]
[22:05:46] [ServerMain/INFO]: Loaded 1174 recipes
[22:05:47] [ServerMain/INFO]: Loaded 1271 advancements
[22:05:47] [Server thread/INFO]: Starting minecraft server version 1.20.4
[22:05:47] [Server thread/INFO]: Loading properties
[22:05:47] [Server thread/INFO]: This server is running Paper version git-Paper-496 (MC: 1.20.4) (Implementing API version 1.20.4-R0.1-SNAPSHOT) (Git: 7ac24a1 on ver/1.20.4)
[22:05:49] [Server thread/INFO]: Server Ping Player Sample Count: 12
[22:05:49] [Server thread/INFO]: Using 4 threads for Netty based IO
[22:05:49] [Server thread/WARN]: [!] The timings profiler has been enabled but has been scheduled for removal from Paper in the future.
    We recommend installing the spark profiler as a replacement: https://spark.lucko.me/
    For more information please visit: https://github.com/PaperMC/Paper/issues/8948
[22:05:49] [Server thread/INFO]: [ChunkTaskScheduler] Chunk system is using 1 I/O threads, 3 worker threads, and gen parallelism of 3 threads
[22:05:49] [Server thread/INFO]: Default game type: SURVIVAL
[22:05:49] [Server thread/INFO]: Generating keypair
[22:05:49] [Server thread/INFO]: Starting Minecraft server on *:25567
[22:05:49] [Server thread/INFO]: Using default channel type
[22:05:49] [Server thread/INFO]: Paper: Using Java compression from Velocity.
[22:05:49] [Server thread/INFO]: Paper: Using Java cipher from Velocity.
[22:05:50] [Server thread/INFO]: [PluginTemplate] Loading server plugin PluginTemplate v1.0.0
[22:05:50] [Server thread/INFO]: Server permissions file permissions.yml is empty, ignoring it
[22:05:50] [Server thread/WARN]: **** SERVER IS RUNNING IN OFFLINE/INSECURE MODE!
[22:05:50] [Server thread/WARN]: The server will make no attempt to authenticate usernames. Beware.
[22:05:50] [Server thread/WARN]: Whilst this makes it possible to use BungeeCord, unless access to your server is properly restricted, it also opens up the ability for hackers to connect with any username they choose.
[22:05:50] [Server thread/WARN]: Please see http://www.spigotmc.org/wiki/firewall-guide/ for further information.
[22:05:50] [Server thread/WARN]: To change this, set "online-mode" to "true" in the server.properties file.
[22:05:50] [Server thread/INFO]: Preparing level "world"
[22:05:50] [Server thread/INFO]: Preparing start region for dimension minecraft:overworld
[22:05:50] [Server thread/INFO]: Time elapsed: 218 ms
[22:05:50] [Server thread/INFO]: Preparing start region for dimension minecraft:the_nether
[22:05:50] [Server thread/INFO]: Time elapsed: 31 ms
[22:05:50] [Server thread/INFO]: Preparing start region for dimension minecraft:the_end
[22:05:50] [Server thread/INFO]: Time elapsed: 19 ms
[22:05:50] [Server thread/INFO]: [PluginTemplate] Enabling PluginTemplate v1.0.0
[22:05:50] [Server thread/INFO]: Hello World
[22:05:51] [Server thread/INFO]: Running delayed init tasks
[22:05:51] [Server thread/INFO]: Done (3.711s)! For help, type "help"
[22:05:51] [Server thread/INFO]: Timings Reset
