[23:22:03] [ServerMain/INFO]: Environment: Environment[sessionHost=https://sessionserver.mojang.com, servicesHost=https://api.minecraftservices.com, name=PROD]
[23:22:06] [ServerMain/INFO]: Loaded 1174 recipes
[23:22:06] [ServerMain/INFO]: Loaded 1271 advancements
[23:22:06] [Server thread/INFO]: Starting minecraft server version 1.20.4
[23:22:06] [Server thread/INFO]: Loading properties
[23:22:06] [Server thread/INFO]: This server is running Paper version git-Paper-496 (MC: 1.20.4) (Implementing API version 1.20.4-R0.1-SNAPSHOT) (Git: 7ac24a1 on ver/1.20.4)
[23:22:07] [Server thread/INFO]: Using 4 threads for Netty based IO
[23:22:07] [Server thread/INFO]: Server Ping Player Sample Count: 12
[23:22:08] [Server thread/WARN]: [!] The timings profiler has been enabled but has been scheduled for removal from Paper in the future.
    We recommend installing the spark profiler as a replacement: https://spark.lucko.me/
    For more information please visit: https://github.com/PaperMC/Paper/issues/8948
[23:22:08] [Server thread/INFO]: [ChunkTaskScheduler] Chunk system is using 1 I/O threads, 3 worker threads, and gen parallelism of 3 threads
[23:22:08] [Server thread/INFO]: Default game type: SURVIVAL
[23:22:08] [Server thread/INFO]: Generating keypair
[23:22:08] [Server thread/INFO]: Starting Minecraft server on *:25566
[23:22:08] [Server thread/INFO]: Using default channel type
[23:22:08] [Server thread/INFO]: Paper: Using Java compression from Velocity.
[23:22:08] [Server thread/INFO]: Paper: Using Java cipher from Velocity.
[23:22:08] [Server thread/INFO]: [QuestSystem] Loading server plugin QuestSystem v1.0.0
[23:22:08] [Server thread/INFO]: Server permissions file permissions.yml is empty, ignoring it
[23:22:08] [Server thread/WARN]: **** SERVER IS RUNNING IN OFFLINE/INSECURE MODE!
[23:22:08] [Server thread/WARN]: The server will make no attempt to authenticate usernames. Beware.
[23:22:08] [Server thread/WARN]: Whilst this makes it possible to use BungeeCord, unless access to your server is properly restricted, it also opens up the ability for hackers to connect with any username they choose.
[23:22:08] [Server thread/WARN]: Please see http://www.spigotmc.org/wiki/firewall-guide/ for further information.
[23:22:08] [Server thread/WARN]: To change this, set "online-mode" to "true" in the server.properties file.
[23:22:08] [Server thread/INFO]: Preparing level "world"
[23:22:09] [Server thread/INFO]: Preparing start region for dimension minecraft:overworld
[23:22:09] [Server thread/INFO]: Time elapsed: 233 ms
[23:22:09] [Server thread/INFO]: Preparing start region for dimension minecraft:the_nether
[23:22:09] [Server thread/INFO]: Time elapsed: 38 ms
[23:22:09] [Server thread/INFO]: Preparing start region for dimension minecraft:the_end
[23:22:09] [Server thread/INFO]: Time elapsed: 45 ms
[23:22:09] [Server thread/INFO]: [QuestSystem] Enabling QuestSystem v1.0.0
[23:22:09] [Server thread/INFO]: Hello World
[23:22:11] [Server thread/INFO]: Running delayed init tasks
[23:22:11] [Server thread/INFO]: Done (5.278s)! For help, type "help"
[23:22:11] [Server thread/INFO]: Timings Reset
[23:22:15] [User Authenticator #0/INFO]: UUID of player Schotzgoblin is cdfb5f90-21c3-4aa8-be6f-39d8780b88f7
[23:22:15] [Server thread/INFO]: Schotzgoblin joined the game
[23:22:15] [Server thread/INFO]: Schotzgoblin[/127.0.0.1:56002] logged in with entity id 68 at ([world]65.5, 142.0, 44.5)
[23:22:54] [Server thread/INFO]: Schotzgoblin lost connection: Disconnected
[23:22:54] [Server thread/INFO]: Schotzgoblin left the game
[23:22:56] [User Authenticator #0/INFO]: UUID of player Schotzgoblin is cdfb5f90-21c3-4aa8-be6f-39d8780b88f7
[23:22:57] [Server thread/INFO]: Schotzgoblin joined the game
[23:22:57] [Server thread/INFO]: Schotzgoblin[/127.0.0.1:56081] logged in with entity id 93 at ([world]65.5, 142.0, 44.5)
[23:24:55] [Server thread/INFO]: CONSOLE: Please note that this command is not supported and may cause issues when using some plugins.
[23:24:55] [Server thread/INFO]: CONSOLE: If you encounter any issues please use the /stop command to restart your server.
[23:24:55] [Server thread/INFO]: Using 4 threads for Netty based IO
[23:24:55] [Server thread/INFO]: Server Ping Player Sample Count: 12
[23:24:55] [Server thread/INFO]: [QuestSystem] Disabling QuestSystem v1.0.0
[23:24:55] [Server thread/INFO]: Shutting down
[23:24:56] [Server thread/INFO]: Loaded 1174 recipes
[23:24:56] [Server thread/INFO]: Loaded 1271 advancements
[23:24:56] [Server thread/INFO]: [QuestSystem] Loading server plugin QuestSystem v1.0.0
[23:24:56] [Server thread/INFO]: Server permissions file permissions.yml is empty, ignoring it
[23:24:56] [Server thread/INFO]: [QuestSystem] Enabling QuestSystem v1.0.0
[23:24:56] [Server thread/INFO]: Hello World
[23:24:56] [Server thread/INFO]: CONSOLE: Reload complete.
[23:24:56] [Server thread/INFO]: Timings Reset
[23:25:19] [Server thread/INFO]: Schotzgoblin issued server command: /gamemode survival
[23:25:19] [Server thread/INFO]: [Schotzgoblin: Set own game mode to Survival Mode]
[23:25:39] [Server thread/WARN]: [QuestSystem] Task #10 for QuestSystem v1.0.0 generated an exception
java.lang.NullPointerException: Cannot invoke "java.util.List.size()" because the return value of "java.util.Map.get(Object)" is null
	at com.schotzgoblin.main.QuestManager.getBossBarFromTitle(QuestManager.java:259) ~[QuestSystem-1.0.jar:?]
	at com.schotzgoblin.main.QuestManager.hideBossBar(QuestManager.java:288) ~[QuestSystem-1.0.jar:?]
	at com.schotzgoblin.main.QuestManager.lambda$completeQuest$6(QuestManager.java:282) ~[QuestSystem-1.0.jar:?]
	at org.bukkit.craftbukkit.v1_20_R3.scheduler.CraftTask.run(CraftTask.java:101) ~[paper-1.20.4.jar:git-Paper-496]
	at org.bukkit.craftbukkit.v1_20_R3.scheduler.CraftScheduler.mainThreadHeartbeat(CraftScheduler.java:482) ~[paper-1.20.4.jar:git-Paper-496]
	at net.minecraft.server.MinecraftServer.tickChildren(MinecraftServer.java:1646) ~[paper-1.20.4.jar:git-Paper-496]
	at net.minecraft.server.dedicated.DedicatedServer.tickChildren(DedicatedServer.java:447) ~[paper-1.20.4.jar:git-Paper-496]
	at net.minecraft.server.MinecraftServer.tickServer(MinecraftServer.java:1525) ~[paper-1.20.4.jar:git-Paper-496]
	at net.minecraft.server.MinecraftServer.runServer(MinecraftServer.java:1226) ~[paper-1.20.4.jar:git-Paper-496]
	at net.minecraft.server.MinecraftServer.lambda$spin$0(MinecraftServer.java:319) ~[paper-1.20.4.jar:git-Paper-496]
	at java.lang.Thread.run(Thread.java:1583) ~[?:?]
[23:28:20] [Server thread/INFO]: CONSOLE: Please note that this command is not supported and may cause issues when using some plugins.
[23:28:20] [Server thread/INFO]: CONSOLE: If you encounter any issues please use the /stop command to restart your server.
[23:28:20] [Server thread/INFO]: Using 4 threads for Netty based IO
[23:28:20] [Server thread/INFO]: Server Ping Player Sample Count: 12
[23:28:20] [Server thread/INFO]: [QuestSystem] Disabling QuestSystem v1.0.0
[23:28:20] [Server thread/INFO]: Shutting down
[23:28:21] [Server thread/INFO]: Loaded 1174 recipes
[23:28:21] [Server thread/INFO]: Loaded 1271 advancements
[23:28:21] [Server thread/INFO]: [QuestSystem] Loading server plugin QuestSystem v1.0.0
[23:28:21] [Server thread/INFO]: Server permissions file permissions.yml is empty, ignoring it
[23:28:21] [Server thread/INFO]: [QuestSystem] Enabling QuestSystem v1.0.0
[23:28:21] [Server thread/INFO]: Hello World
[23:28:21] [Server thread/INFO]: CONSOLE: Reload complete.
[23:28:21] [Server thread/INFO]: Timings Reset
[23:28:27] [Server thread/INFO]: Schotzgoblin lost connection: Disconnected
[23:28:27] [Server thread/INFO]: Schotzgoblin left the game
[23:28:29] [User Authenticator #1/INFO]: UUID of player Schotzgoblin is cdfb5f90-21c3-4aa8-be6f-39d8780b88f7
[23:28:29] [Server thread/INFO]: Schotzgoblin joined the game
[23:28:29] [Server thread/INFO]: Schotzgoblin[/127.0.0.1:53431] logged in with entity id 293 at ([world]65.5, 142.0, 44.5)
[23:28:31] [Server thread/INFO]: Schotzgoblin issued server command: /gamemode survival
[23:28:31] [Server thread/INFO]: [Schotzgoblin: Set own game mode to Survival Mode]
[23:28:51] [Server thread/ERROR]: Could not pass event EntityDeathEvent to QuestSystem v1.0.0
java.lang.NullPointerException: Cannot invoke "java.util.List.stream()" because the return value of "java.util.Map.get(Object)" is null
	at com.schotzgoblin.main.QuestManager.getBossBarFromTitle(QuestManager.java:255) ~[QuestSystem-1.0.jar:?]
	at com.schotzgoblin.main.QuestManager.updateBossBar(QuestManager.java:259) ~[QuestSystem-1.0.jar:?]
	at com.schotzgoblin.main.TrackPlayerQuestProgress.lambda$onEntityDeathEvent$1(TrackPlayerQuestProgress.java:51) ~[QuestSystem-1.0.jar:?]
	at java.util.ArrayList.forEach(ArrayList.java:1596) ~[?:?]
	at com.schotzgoblin.main.TrackPlayerQuestProgress.onEntityDeathEvent(TrackPlayerQuestProgress.java:46) ~[QuestSystem-1.0.jar:?]
	at com.destroystokyo.paper.event.executor.asm.generated.GeneratedEventExecutor31.execute(Unknown Source) ~[?:?]
	at org.bukkit.plugin.EventExecutor$2.execute(EventExecutor.java:77) ~[paper-api-1.20.4-R0.1-SNAPSHOT.jar:?]
	at co.aikar.timings.TimedEventExecutor.execute(TimedEventExecutor.java:81) ~[paper-api-1.20.4-R0.1-SNAPSHOT.jar:git-Paper-496]
	at org.bukkit.plugin.RegisteredListener.callEvent(RegisteredListener.java:70) ~[paper-api-1.20.4-R0.1-SNAPSHOT.jar:?]
	at io.papermc.paper.plugin.manager.PaperEventManager.callEvent(PaperEventManager.java:54) ~[paper-1.20.4.jar:git-Paper-496]
	at io.papermc.paper.plugin.manager.PaperPluginManagerImpl.callEvent(PaperPluginManagerImpl.java:126) ~[paper-1.20.4.jar:git-Paper-496]
	at org.bukkit.plugin.SimplePluginManager.callEvent(SimplePluginManager.java:615) ~[paper-api-1.20.4-R0.1-SNAPSHOT.jar:?]
	at org.bukkit.craftbukkit.v1_20_R3.event.CraftEventFactory.callEntityDeathEvent(CraftEventFactory.java:987) ~[paper-1.20.4.jar:git-Paper-496]
	at net.minecraft.world.entity.LivingEntity.dropAllDeathLoot(LivingEntity.java:1847) ~[?:?]
	at net.minecraft.world.entity.LivingEntity.die(LivingEntity.java:1741) ~[?:?]
	at net.minecraft.world.entity.LivingEntity.hurt(LivingEntity.java:1565) ~[?:?]
	at net.minecraft.world.entity.animal.Animal.hurt(Animal.java:87) ~[?:?]
	at net.minecraft.world.entity.player.Player.attack(Player.java:1323) ~[?:?]
	at net.minecraft.server.level.ServerPlayer.attack(ServerPlayer.java:2283) ~[?:?]
	at net.minecraft.server.network.ServerGamePacketListenerImpl$3.a(ServerGamePacketListenerImpl.java:2787) ~[?:?]
	at net.minecraft.network.protocol.game.ServerboundInteractPacket$1.dispatch(ServerboundInteractPacket.java:24) ~[?:?]
	at net.minecraft.network.protocol.game.ServerboundInteractPacket.dispatch(ServerboundInteractPacket.java:80) ~[?:?]
	at net.minecraft.server.network.ServerGamePacketListenerImpl.handleInteract(ServerGamePacketListenerImpl.java:2711) ~[?:?]
	at net.minecraft.network.protocol.game.ServerboundInteractPacket.handle(ServerboundInteractPacket.java:67) ~[?:?]
	at net.minecraft.network.protocol.game.ServerboundInteractPacket.handle(ServerboundInteractPacket.java:12) ~[?:?]
	at net.minecraft.network.protocol.PacketUtils.lambda$ensureRunningOnSameThread$0(PacketUtils.java:54) ~[?:?]
	at net.minecraft.server.TickTask.run(TickTask.java:18) ~[paper-1.20.4.jar:git-Paper-496]
	at net.minecraft.util.thread.BlockableEventLoop.doRunTask(BlockableEventLoop.java:149) ~[?:?]
	at net.minecraft.util.thread.ReentrantBlockableEventLoop.doRunTask(ReentrantBlockableEventLoop.java:24) ~[?:?]
	at net.minecraft.server.MinecraftServer.doRunTask(MinecraftServer.java:1465) ~[paper-1.20.4.jar:git-Paper-496]
	at net.minecraft.server.MinecraftServer.d(MinecraftServer.java:194) ~[paper-1.20.4.jar:git-Paper-496]
	at net.minecraft.util.thread.BlockableEventLoop.pollTask(BlockableEventLoop.java:123) ~[?:?]
	at net.minecraft.server.MinecraftServer.pollTaskInternal(MinecraftServer.java:1442) ~[paper-1.20.4.jar:git-Paper-496]
	at net.minecraft.server.MinecraftServer.pollTask(MinecraftServer.java:1365) ~[paper-1.20.4.jar:git-Paper-496]
	at net.minecraft.util.thread.BlockableEventLoop.managedBlock(BlockableEventLoop.java:133) ~[?:?]
	at net.minecraft.server.MinecraftServer.waitUntilNextTick(MinecraftServer.java:1343) ~[paper-1.20.4.jar:git-Paper-496]
	at net.minecraft.server.MinecraftServer.runServer(MinecraftServer.java:1232) ~[paper-1.20.4.jar:git-Paper-496]
	at net.minecraft.server.MinecraftServer.lambda$spin$0(MinecraftServer.java:319) ~[paper-1.20.4.jar:git-Paper-496]
	at java.lang.Thread.run(Thread.java:1583) ~[?:?]
[23:28:55] [Server thread/ERROR]: Could not pass event EntityDeathEvent to QuestSystem v1.0.0
java.lang.NullPointerException: Cannot invoke "java.util.List.stream()" because the return value of "java.util.Map.get(Object)" is null
	at com.schotzgoblin.main.QuestManager.getBossBarFromTitle(QuestManager.java:255) ~[QuestSystem-1.0.jar:?]
	at com.schotzgoblin.main.QuestManager.updateBossBar(QuestManager.java:259) ~[QuestSystem-1.0.jar:?]
	at com.schotzgoblin.main.TrackPlayerQuestProgress.lambda$onEntityDeathEvent$1(TrackPlayerQuestProgress.java:51) ~[QuestSystem-1.0.jar:?]
	at java.util.ArrayList.forEach(ArrayList.java:1596) ~[?:?]
	at com.schotzgoblin.main.TrackPlayerQuestProgress.onEntityDeathEvent(TrackPlayerQuestProgress.java:46) ~[QuestSystem-1.0.jar:?]
	at com.destroystokyo.paper.event.executor.asm.generated.GeneratedEventExecutor31.execute(Unknown Source) ~[?:?]
	at org.bukkit.plugin.EventExecutor$2.execute(EventExecutor.java:77) ~[paper-api-1.20.4-R0.1-SNAPSHOT.jar:?]
	at co.aikar.timings.TimedEventExecutor.execute(TimedEventExecutor.java:81) ~[paper-api-1.20.4-R0.1-SNAPSHOT.jar:git-Paper-496]
	at org.bukkit.plugin.RegisteredListener.callEvent(RegisteredListener.java:70) ~[paper-api-1.20.4-R0.1-SNAPSHOT.jar:?]
	at io.papermc.paper.plugin.manager.PaperEventManager.callEvent(PaperEventManager.java:54) ~[paper-1.20.4.jar:git-Paper-496]
	at io.papermc.paper.plugin.manager.PaperPluginManagerImpl.callEvent(PaperPluginManagerImpl.java:126) ~[paper-1.20.4.jar:git-Paper-496]
	at org.bukkit.plugin.SimplePluginManager.callEvent(SimplePluginManager.java:615) ~[paper-api-1.20.4-R0.1-SNAPSHOT.jar:?]
	at org.bukkit.craftbukkit.v1_20_R3.event.CraftEventFactory.callEntityDeathEvent(CraftEventFactory.java:987) ~[paper-1.20.4.jar:git-Paper-496]
	at net.minecraft.world.entity.LivingEntity.dropAllDeathLoot(LivingEntity.java:1847) ~[?:?]
	at net.minecraft.world.entity.LivingEntity.die(LivingEntity.java:1741) ~[?:?]
	at net.minecraft.world.entity.LivingEntity.hurt(LivingEntity.java:1565) ~[?:?]
	at net.minecraft.world.entity.animal.Animal.hurt(Animal.java:87) ~[?:?]
	at net.minecraft.world.entity.player.Player.attack(Player.java:1323) ~[?:?]
	at net.minecraft.server.level.ServerPlayer.attack(ServerPlayer.java:2283) ~[?:?]
	at net.minecraft.server.network.ServerGamePacketListenerImpl$3.a(ServerGamePacketListenerImpl.java:2787) ~[?:?]
	at net.minecraft.network.protocol.game.ServerboundInteractPacket$1.dispatch(ServerboundInteractPacket.java:24) ~[?:?]
	at net.minecraft.network.protocol.game.ServerboundInteractPacket.dispatch(ServerboundInteractPacket.java:80) ~[?:?]
	at net.minecraft.server.network.ServerGamePacketListenerImpl.handleInteract(ServerGamePacketListenerImpl.java:2711) ~[?:?]
	at net.minecraft.network.protocol.game.ServerboundInteractPacket.handle(ServerboundInteractPacket.java:67) ~[?:?]
	at net.minecraft.network.protocol.game.ServerboundInteractPacket.handle(ServerboundInteractPacket.java:12) ~[?:?]
	at net.minecraft.network.protocol.PacketUtils.lambda$ensureRunningOnSameThread$0(PacketUtils.java:54) ~[?:?]
	at net.minecraft.server.TickTask.run(TickTask.java:18) ~[paper-1.20.4.jar:git-Paper-496]
	at net.minecraft.util.thread.BlockableEventLoop.doRunTask(BlockableEventLoop.java:149) ~[?:?]
	at net.minecraft.util.thread.ReentrantBlockableEventLoop.doRunTask(ReentrantBlockableEventLoop.java:24) ~[?:?]
	at net.minecraft.server.MinecraftServer.doRunTask(MinecraftServer.java:1465) ~[paper-1.20.4.jar:git-Paper-496]
	at net.minecraft.server.MinecraftServer.d(MinecraftServer.java:194) ~[paper-1.20.4.jar:git-Paper-496]
	at net.minecraft.util.thread.BlockableEventLoop.pollTask(BlockableEventLoop.java:123) ~[?:?]
	at net.minecraft.server.MinecraftServer.pollTaskInternal(MinecraftServer.java:1442) ~[paper-1.20.4.jar:git-Paper-496]
	at net.minecraft.server.MinecraftServer.pollTask(MinecraftServer.java:1365) ~[paper-1.20.4.jar:git-Paper-496]
	at net.minecraft.util.thread.BlockableEventLoop.managedBlock(BlockableEventLoop.java:133) ~[?:?]
	at net.minecraft.server.MinecraftServer.waitUntilNextTick(MinecraftServer.java:1343) ~[paper-1.20.4.jar:git-Paper-496]
	at net.minecraft.server.MinecraftServer.runServer(MinecraftServer.java:1232) ~[paper-1.20.4.jar:git-Paper-496]
	at net.minecraft.server.MinecraftServer.lambda$spin$0(MinecraftServer.java:319) ~[paper-1.20.4.jar:git-Paper-496]
	at java.lang.Thread.run(Thread.java:1583) ~[?:?]
[23:28:56] [Server thread/ERROR]: Could not pass event EntityDeathEvent to QuestSystem v1.0.0
java.lang.NullPointerException: Cannot invoke "java.util.List.stream()" because the return value of "java.util.Map.get(Object)" is null
	at com.schotzgoblin.main.QuestManager.getBossBarFromTitle(QuestManager.java:255) ~[QuestSystem-1.0.jar:?]
	at com.schotzgoblin.main.QuestManager.updateBossBar(QuestManager.java:259) ~[QuestSystem-1.0.jar:?]
	at com.schotzgoblin.main.TrackPlayerQuestProgress.lambda$onEntityDeathEvent$1(TrackPlayerQuestProgress.java:51) ~[QuestSystem-1.0.jar:?]
	at java.util.ArrayList.forEach(ArrayList.java:1596) ~[?:?]
	at com.schotzgoblin.main.TrackPlayerQuestProgress.onEntityDeathEvent(TrackPlayerQuestProgress.java:46) ~[QuestSystem-1.0.jar:?]
	at com.destroystokyo.paper.event.executor.asm.generated.GeneratedEventExecutor31.execute(Unknown Source) ~[?:?]
	at org.bukkit.plugin.EventExecutor$2.execute(EventExecutor.java:77) ~[paper-api-1.20.4-R0.1-SNAPSHOT.jar:?]
	at co.aikar.timings.TimedEventExecutor.execute(TimedEventExecutor.java:81) ~[paper-api-1.20.4-R0.1-SNAPSHOT.jar:git-Paper-496]
	at org.bukkit.plugin.RegisteredListener.callEvent(RegisteredListener.java:70) ~[paper-api-1.20.4-R0.1-SNAPSHOT.jar:?]
	at io.papermc.paper.plugin.manager.PaperEventManager.callEvent(PaperEventManager.java:54) ~[paper-1.20.4.jar:git-Paper-496]
	at io.papermc.paper.plugin.manager.PaperPluginManagerImpl.callEvent(PaperPluginManagerImpl.java:126) ~[paper-1.20.4.jar:git-Paper-496]
	at org.bukkit.plugin.SimplePluginManager.callEvent(SimplePluginManager.java:615) ~[paper-api-1.20.4-R0.1-SNAPSHOT.jar:?]
	at org.bukkit.craftbukkit.v1_20_R3.event.CraftEventFactory.callEntityDeathEvent(CraftEventFactory.java:987) ~[paper-1.20.4.jar:git-Paper-496]
	at net.minecraft.world.entity.LivingEntity.dropAllDeathLoot(LivingEntity.java:1847) ~[?:?]
	at net.minecraft.world.entity.LivingEntity.die(LivingEntity.java:1741) ~[?:?]
	at net.minecraft.world.entity.LivingEntity.hurt(LivingEntity.java:1565) ~[?:?]
	at net.minecraft.world.entity.animal.Animal.hurt(Animal.java:87) ~[?:?]
	at net.minecraft.world.entity.player.Player.attack(Player.java:1323) ~[?:?]
	at net.minecraft.server.level.ServerPlayer.attack(ServerPlayer.java:2283) ~[?:?]
	at net.minecraft.server.network.ServerGamePacketListenerImpl$3.a(ServerGamePacketListenerImpl.java:2787) ~[?:?]
	at net.minecraft.network.protocol.game.ServerboundInteractPacket$1.dispatch(ServerboundInteractPacket.java:24) ~[?:?]
	at net.minecraft.network.protocol.game.ServerboundInteractPacket.dispatch(ServerboundInteractPacket.java:80) ~[?:?]
	at net.minecraft.server.network.ServerGamePacketListenerImpl.handleInteract(ServerGamePacketListenerImpl.java:2711) ~[?:?]
	at net.minecraft.network.protocol.game.ServerboundInteractPacket.handle(ServerboundInteractPacket.java:67) ~[?:?]
	at net.minecraft.network.protocol.game.ServerboundInteractPacket.handle(ServerboundInteractPacket.java:12) ~[?:?]
	at net.minecraft.network.protocol.PacketUtils.lambda$ensureRunningOnSameThread$0(PacketUtils.java:54) ~[?:?]
	at net.minecraft.server.TickTask.run(TickTask.java:18) ~[paper-1.20.4.jar:git-Paper-496]
	at net.minecraft.util.thread.BlockableEventLoop.doRunTask(BlockableEventLoop.java:149) ~[?:?]
	at net.minecraft.util.thread.ReentrantBlockableEventLoop.doRunTask(ReentrantBlockableEventLoop.java:24) ~[?:?]
	at net.minecraft.server.MinecraftServer.doRunTask(MinecraftServer.java:1465) ~[paper-1.20.4.jar:git-Paper-496]
	at net.minecraft.server.MinecraftServer.d(MinecraftServer.java:194) ~[paper-1.20.4.jar:git-Paper-496]
	at net.minecraft.util.thread.BlockableEventLoop.pollTask(BlockableEventLoop.java:123) ~[?:?]
	at net.minecraft.server.MinecraftServer.pollTaskInternal(MinecraftServer.java:1442) ~[paper-1.20.4.jar:git-Paper-496]
	at net.minecraft.server.MinecraftServer.pollTask(MinecraftServer.java:1365) ~[paper-1.20.4.jar:git-Paper-496]
	at net.minecraft.util.thread.BlockableEventLoop.managedBlock(BlockableEventLoop.java:133) ~[?:?]
	at net.minecraft.server.MinecraftServer.waitUntilNextTick(MinecraftServer.java:1343) ~[paper-1.20.4.jar:git-Paper-496]
	at net.minecraft.server.MinecraftServer.runServer(MinecraftServer.java:1232) ~[paper-1.20.4.jar:git-Paper-496]
	at net.minecraft.server.MinecraftServer.lambda$spin$0(MinecraftServer.java:319) ~[paper-1.20.4.jar:git-Paper-496]
	at java.lang.Thread.run(Thread.java:1583) ~[?:?]
[23:28:57] [Server thread/ERROR]: Could not pass event EntityDeathEvent to QuestSystem v1.0.0
java.lang.NullPointerException: Cannot invoke "java.util.List.stream()" because the return value of "java.util.Map.get(Object)" is null
	at com.schotzgoblin.main.QuestManager.getBossBarFromTitle(QuestManager.java:255) ~[QuestSystem-1.0.jar:?]
	at com.schotzgoblin.main.QuestManager.updateBossBar(QuestManager.java:259) ~[QuestSystem-1.0.jar:?]
	at com.schotzgoblin.main.TrackPlayerQuestProgress.lambda$onEntityDeathEvent$1(TrackPlayerQuestProgress.java:51) ~[QuestSystem-1.0.jar:?]
	at java.util.ArrayList.forEach(ArrayList.java:1596) ~[?:?]
	at com.schotzgoblin.main.TrackPlayerQuestProgress.onEntityDeathEvent(TrackPlayerQuestProgress.java:46) ~[QuestSystem-1.0.jar:?]
	at com.destroystokyo.paper.event.executor.asm.generated.GeneratedEventExecutor31.execute(Unknown Source) ~[?:?]
	at org.bukkit.plugin.EventExecutor$2.execute(EventExecutor.java:77) ~[paper-api-1.20.4-R0.1-SNAPSHOT.jar:?]
	at co.aikar.timings.TimedEventExecutor.execute(TimedEventExecutor.java:81) ~[paper-api-1.20.4-R0.1-SNAPSHOT.jar:git-Paper-496]
	at org.bukkit.plugin.RegisteredListener.callEvent(RegisteredListener.java:70) ~[paper-api-1.20.4-R0.1-SNAPSHOT.jar:?]
	at io.papermc.paper.plugin.manager.PaperEventManager.callEvent(PaperEventManager.java:54) ~[paper-1.20.4.jar:git-Paper-496]
	at io.papermc.paper.plugin.manager.PaperPluginManagerImpl.callEvent(PaperPluginManagerImpl.java:126) ~[paper-1.20.4.jar:git-Paper-496]
	at org.bukkit.plugin.SimplePluginManager.callEvent(SimplePluginManager.java:615) ~[paper-api-1.20.4-R0.1-SNAPSHOT.jar:?]
	at org.bukkit.craftbukkit.v1_20_R3.event.CraftEventFactory.callEntityDeathEvent(CraftEventFactory.java:987) ~[paper-1.20.4.jar:git-Paper-496]
	at net.minecraft.world.entity.LivingEntity.dropAllDeathLoot(LivingEntity.java:1847) ~[?:?]
	at net.minecraft.world.entity.LivingEntity.die(LivingEntity.java:1741) ~[?:?]
	at net.minecraft.world.entity.LivingEntity.hurt(LivingEntity.java:1565) ~[?:?]
	at net.minecraft.world.entity.animal.Animal.hurt(Animal.java:87) ~[?:?]
	at net.minecraft.world.entity.player.Player.attack(Player.java:1323) ~[?:?]
	at net.minecraft.server.level.ServerPlayer.attack(ServerPlayer.java:2283) ~[?:?]
	at net.minecraft.server.network.ServerGamePacketListenerImpl$3.a(ServerGamePacketListenerImpl.java:2787) ~[?:?]
	at net.minecraft.network.protocol.game.ServerboundInteractPacket$1.dispatch(ServerboundInteractPacket.java:24) ~[?:?]
	at net.minecraft.network.protocol.game.ServerboundInteractPacket.dispatch(ServerboundInteractPacket.java:80) ~[?:?]
	at net.minecraft.server.network.ServerGamePacketListenerImpl.handleInteract(ServerGamePacketListenerImpl.java:2711) ~[?:?]
	at net.minecraft.network.protocol.game.ServerboundInteractPacket.handle(ServerboundInteractPacket.java:67) ~[?:?]
	at net.minecraft.network.protocol.game.ServerboundInteractPacket.handle(ServerboundInteractPacket.java:12) ~[?:?]
	at net.minecraft.network.protocol.PacketUtils.lambda$ensureRunningOnSameThread$0(PacketUtils.java:54) ~[?:?]
	at net.minecraft.server.TickTask.run(TickTask.java:18) ~[paper-1.20.4.jar:git-Paper-496]
	at net.minecraft.util.thread.BlockableEventLoop.doRunTask(BlockableEventLoop.java:149) ~[?:?]
	at net.minecraft.util.thread.ReentrantBlockableEventLoop.doRunTask(ReentrantBlockableEventLoop.java:24) ~[?:?]
	at net.minecraft.server.MinecraftServer.doRunTask(MinecraftServer.java:1465) ~[paper-1.20.4.jar:git-Paper-496]
	at net.minecraft.server.MinecraftServer.d(MinecraftServer.java:194) ~[paper-1.20.4.jar:git-Paper-496]
	at net.minecraft.util.thread.BlockableEventLoop.pollTask(BlockableEventLoop.java:123) ~[?:?]
	at net.minecraft.server.MinecraftServer.pollTaskInternal(MinecraftServer.java:1442) ~[paper-1.20.4.jar:git-Paper-496]
	at net.minecraft.server.MinecraftServer.pollTask(MinecraftServer.java:1365) ~[paper-1.20.4.jar:git-Paper-496]
	at net.minecraft.util.thread.BlockableEventLoop.managedBlock(BlockableEventLoop.java:133) ~[?:?]
	at net.minecraft.server.MinecraftServer.waitUntilNextTick(MinecraftServer.java:1343) ~[paper-1.20.4.jar:git-Paper-496]
	at net.minecraft.server.MinecraftServer.runServer(MinecraftServer.java:1232) ~[paper-1.20.4.jar:git-Paper-496]
	at net.minecraft.server.MinecraftServer.lambda$spin$0(MinecraftServer.java:319) ~[paper-1.20.4.jar:git-Paper-496]
	at java.lang.Thread.run(Thread.java:1583) ~[?:?]
[23:28:58] [Server thread/ERROR]: Could not pass event EntityDeathEvent to QuestSystem v1.0.0
java.lang.NullPointerException: Cannot invoke "java.util.List.stream()" because the return value of "java.util.Map.get(Object)" is null
	at com.schotzgoblin.main.QuestManager.getBossBarFromTitle(QuestManager.java:255) ~[QuestSystem-1.0.jar:?]
	at com.schotzgoblin.main.QuestManager.updateBossBar(QuestManager.java:259) ~[QuestSystem-1.0.jar:?]
	at com.schotzgoblin.main.TrackPlayerQuestProgress.lambda$onEntityDeathEvent$1(TrackPlayerQuestProgress.java:51) ~[QuestSystem-1.0.jar:?]
	at java.util.ArrayList.forEach(ArrayList.java:1596) ~[?:?]
	at com.schotzgoblin.main.TrackPlayerQuestProgress.onEntityDeathEvent(TrackPlayerQuestProgress.java:46) ~[QuestSystem-1.0.jar:?]
	at com.destroystokyo.paper.event.executor.asm.generated.GeneratedEventExecutor31.execute(Unknown Source) ~[?:?]
	at org.bukkit.plugin.EventExecutor$2.execute(EventExecutor.java:77) ~[paper-api-1.20.4-R0.1-SNAPSHOT.jar:?]
	at co.aikar.timings.TimedEventExecutor.execute(TimedEventExecutor.java:81) ~[paper-api-1.20.4-R0.1-SNAPSHOT.jar:git-Paper-496]
	at org.bukkit.plugin.RegisteredListener.callEvent(RegisteredListener.java:70) ~[paper-api-1.20.4-R0.1-SNAPSHOT.jar:?]
	at io.papermc.paper.plugin.manager.PaperEventManager.callEvent(PaperEventManager.java:54) ~[paper-1.20.4.jar:git-Paper-496]
	at io.papermc.paper.plugin.manager.PaperPluginManagerImpl.callEvent(PaperPluginManagerImpl.java:126) ~[paper-1.20.4.jar:git-Paper-496]
	at org.bukkit.plugin.SimplePluginManager.callEvent(SimplePluginManager.java:615) ~[paper-api-1.20.4-R0.1-SNAPSHOT.jar:?]
	at org.bukkit.craftbukkit.v1_20_R3.event.CraftEventFactory.callEntityDeathEvent(CraftEventFactory.java:987) ~[paper-1.20.4.jar:git-Paper-496]
	at net.minecraft.world.entity.LivingEntity.dropAllDeathLoot(LivingEntity.java:1847) ~[?:?]
	at net.minecraft.world.entity.LivingEntity.die(LivingEntity.java:1741) ~[?:?]
	at net.minecraft.world.entity.LivingEntity.hurt(LivingEntity.java:1565) ~[?:?]
	at net.minecraft.world.entity.animal.Animal.hurt(Animal.java:87) ~[?:?]
	at net.minecraft.world.entity.player.Player.attack(Player.java:1323) ~[?:?]
	at net.minecraft.server.level.ServerPlayer.attack(ServerPlayer.java:2283) ~[?:?]
	at net.minecraft.server.network.ServerGamePacketListenerImpl$3.a(ServerGamePacketListenerImpl.java:2787) ~[?:?]
	at net.minecraft.network.protocol.game.ServerboundInteractPacket$1.dispatch(ServerboundInteractPacket.java:24) ~[?:?]
	at net.minecraft.network.protocol.game.ServerboundInteractPacket.dispatch(ServerboundInteractPacket.java:80) ~[?:?]
	at net.minecraft.server.network.ServerGamePacketListenerImpl.handleInteract(ServerGamePacketListenerImpl.java:2711) ~[?:?]
	at net.minecraft.network.protocol.game.ServerboundInteractPacket.handle(ServerboundInteractPacket.java:67) ~[?:?]
	at net.minecraft.network.protocol.game.ServerboundInteractPacket.handle(ServerboundInteractPacket.java:12) ~[?:?]
	at net.minecraft.network.protocol.PacketUtils.lambda$ensureRunningOnSameThread$0(PacketUtils.java:54) ~[?:?]
	at net.minecraft.server.TickTask.run(TickTask.java:18) ~[paper-1.20.4.jar:git-Paper-496]
	at net.minecraft.util.thread.BlockableEventLoop.doRunTask(BlockableEventLoop.java:149) ~[?:?]
	at net.minecraft.util.thread.ReentrantBlockableEventLoop.doRunTask(ReentrantBlockableEventLoop.java:24) ~[?:?]
	at net.minecraft.server.MinecraftServer.doRunTask(MinecraftServer.java:1465) ~[paper-1.20.4.jar:git-Paper-496]
	at net.minecraft.server.MinecraftServer.d(MinecraftServer.java:194) ~[paper-1.20.4.jar:git-Paper-496]
	at net.minecraft.util.thread.BlockableEventLoop.pollTask(BlockableEventLoop.java:123) ~[?:?]
	at net.minecraft.server.MinecraftServer.pollTaskInternal(MinecraftServer.java:1442) ~[paper-1.20.4.jar:git-Paper-496]
	at net.minecraft.server.MinecraftServer.pollTask(MinecraftServer.java:1365) ~[paper-1.20.4.jar:git-Paper-496]
	at net.minecraft.util.thread.BlockableEventLoop.managedBlock(BlockableEventLoop.java:133) ~[?:?]
	at net.minecraft.server.MinecraftServer.waitUntilNextTick(MinecraftServer.java:1343) ~[paper-1.20.4.jar:git-Paper-496]
	at net.minecraft.server.MinecraftServer.runServer(MinecraftServer.java:1232) ~[paper-1.20.4.jar:git-Paper-496]
	at net.minecraft.server.MinecraftServer.lambda$spin$0(MinecraftServer.java:319) ~[paper-1.20.4.jar:git-Paper-496]
	at java.lang.Thread.run(Thread.java:1583) ~[?:?]
[23:29:01] [Server thread/ERROR]: Could not pass event EntityDeathEvent to QuestSystem v1.0.0
java.lang.NullPointerException: Cannot invoke "java.util.List.stream()" because the return value of "java.util.Map.get(Object)" is null
	at com.schotzgoblin.main.QuestManager.getBossBarFromTitle(QuestManager.java:255) ~[QuestSystem-1.0.jar:?]
	at com.schotzgoblin.main.QuestManager.updateBossBar(QuestManager.java:259) ~[QuestSystem-1.0.jar:?]
	at com.schotzgoblin.main.TrackPlayerQuestProgress.lambda$onEntityDeathEvent$1(TrackPlayerQuestProgress.java:51) ~[QuestSystem-1.0.jar:?]
	at java.util.ArrayList.forEach(ArrayList.java:1596) ~[?:?]
	at com.schotzgoblin.main.TrackPlayerQuestProgress.onEntityDeathEvent(TrackPlayerQuestProgress.java:46) ~[QuestSystem-1.0.jar:?]
	at com.destroystokyo.paper.event.executor.asm.generated.GeneratedEventExecutor31.execute(Unknown Source) ~[?:?]
	at org.bukkit.plugin.EventExecutor$2.execute(EventExecutor.java:77) ~[paper-api-1.20.4-R0.1-SNAPSHOT.jar:?]
	at co.aikar.timings.TimedEventExecutor.execute(TimedEventExecutor.java:81) ~[paper-api-1.20.4-R0.1-SNAPSHOT.jar:git-Paper-496]
	at org.bukkit.plugin.RegisteredListener.callEvent(RegisteredListener.java:70) ~[paper-api-1.20.4-R0.1-SNAPSHOT.jar:?]
	at io.papermc.paper.plugin.manager.PaperEventManager.callEvent(PaperEventManager.java:54) ~[paper-1.20.4.jar:git-Paper-496]
	at io.papermc.paper.plugin.manager.PaperPluginManagerImpl.callEvent(PaperPluginManagerImpl.java:126) ~[paper-1.20.4.jar:git-Paper-496]
	at org.bukkit.plugin.SimplePluginManager.callEvent(SimplePluginManager.java:615) ~[paper-api-1.20.4-R0.1-SNAPSHOT.jar:?]
	at org.bukkit.craftbukkit.v1_20_R3.event.CraftEventFactory.callEntityDeathEvent(CraftEventFactory.java:987) ~[paper-1.20.4.jar:git-Paper-496]
	at net.minecraft.world.entity.LivingEntity.dropAllDeathLoot(LivingEntity.java:1847) ~[?:?]
	at net.minecraft.world.entity.LivingEntity.die(LivingEntity.java:1741) ~[?:?]
	at net.minecraft.world.entity.LivingEntity.hurt(LivingEntity.java:1565) ~[?:?]
	at net.minecraft.world.entity.animal.Animal.hurt(Animal.java:87) ~[?:?]
	at net.minecraft.world.entity.player.Player.attack(Player.java:1323) ~[?:?]
	at net.minecraft.server.level.ServerPlayer.attack(ServerPlayer.java:2283) ~[?:?]
	at net.minecraft.server.network.ServerGamePacketListenerImpl$3.a(ServerGamePacketListenerImpl.java:2787) ~[?:?]
	at net.minecraft.network.protocol.game.ServerboundInteractPacket$1.dispatch(ServerboundInteractPacket.java:24) ~[?:?]
	at net.minecraft.network.protocol.game.ServerboundInteractPacket.dispatch(ServerboundInteractPacket.java:80) ~[?:?]
	at net.minecraft.server.network.ServerGamePacketListenerImpl.handleInteract(ServerGamePacketListenerImpl.java:2711) ~[?:?]
	at net.minecraft.network.protocol.game.ServerboundInteractPacket.handle(ServerboundInteractPacket.java:67) ~[?:?]
	at net.minecraft.network.protocol.game.ServerboundInteractPacket.handle(ServerboundInteractPacket.java:12) ~[?:?]
	at net.minecraft.network.protocol.PacketUtils.lambda$ensureRunningOnSameThread$0(PacketUtils.java:54) ~[?:?]
	at net.minecraft.server.TickTask.run(TickTask.java:18) ~[paper-1.20.4.jar:git-Paper-496]
	at net.minecraft.util.thread.BlockableEventLoop.doRunTask(BlockableEventLoop.java:149) ~[?:?]
	at net.minecraft.util.thread.ReentrantBlockableEventLoop.doRunTask(ReentrantBlockableEventLoop.java:24) ~[?:?]
	at net.minecraft.server.MinecraftServer.doRunTask(MinecraftServer.java:1465) ~[paper-1.20.4.jar:git-Paper-496]
	at net.minecraft.server.MinecraftServer.d(MinecraftServer.java:194) ~[paper-1.20.4.jar:git-Paper-496]
	at net.minecraft.util.thread.BlockableEventLoop.pollTask(BlockableEventLoop.java:123) ~[?:?]
	at net.minecraft.server.MinecraftServer.pollTaskInternal(MinecraftServer.java:1442) ~[paper-1.20.4.jar:git-Paper-496]
	at net.minecraft.server.MinecraftServer.pollTask(MinecraftServer.java:1365) ~[paper-1.20.4.jar:git-Paper-496]
	at net.minecraft.util.thread.BlockableEventLoop.managedBlock(BlockableEventLoop.java:133) ~[?:?]
	at net.minecraft.server.MinecraftServer.waitUntilNextTick(MinecraftServer.java:1343) ~[paper-1.20.4.jar:git-Paper-496]
	at net.minecraft.server.MinecraftServer.runServer(MinecraftServer.java:1232) ~[paper-1.20.4.jar:git-Paper-496]
	at net.minecraft.server.MinecraftServer.lambda$spin$0(MinecraftServer.java:319) ~[paper-1.20.4.jar:git-Paper-496]
	at java.lang.Thread.run(Thread.java:1583) ~[?:?]
[23:29:02] [Server thread/ERROR]: Could not pass event EntityDeathEvent to QuestSystem v1.0.0
java.lang.NullPointerException: Cannot invoke "java.util.List.stream()" because the return value of "java.util.Map.get(Object)" is null
	at com.schotzgoblin.main.QuestManager.getBossBarFromTitle(QuestManager.java:255) ~[QuestSystem-1.0.jar:?]
	at com.schotzgoblin.main.QuestManager.updateBossBar(QuestManager.java:259) ~[QuestSystem-1.0.jar:?]
	at com.schotzgoblin.main.TrackPlayerQuestProgress.lambda$onEntityDeathEvent$1(TrackPlayerQuestProgress.java:51) ~[QuestSystem-1.0.jar:?]
	at java.util.ArrayList.forEach(ArrayList.java:1596) ~[?:?]
	at com.schotzgoblin.main.TrackPlayerQuestProgress.onEntityDeathEvent(TrackPlayerQuestProgress.java:46) ~[QuestSystem-1.0.jar:?]
	at com.destroystokyo.paper.event.executor.asm.generated.GeneratedEventExecutor31.execute(Unknown Source) ~[?:?]
	at org.bukkit.plugin.EventExecutor$2.execute(EventExecutor.java:77) ~[paper-api-1.20.4-R0.1-SNAPSHOT.jar:?]
	at co.aikar.timings.TimedEventExecutor.execute(TimedEventExecutor.java:81) ~[paper-api-1.20.4-R0.1-SNAPSHOT.jar:git-Paper-496]
	at org.bukkit.plugin.RegisteredListener.callEvent(RegisteredListener.java:70) ~[paper-api-1.20.4-R0.1-SNAPSHOT.jar:?]
	at io.papermc.paper.plugin.manager.PaperEventManager.callEvent(PaperEventManager.java:54) ~[paper-1.20.4.jar:git-Paper-496]
	at io.papermc.paper.plugin.manager.PaperPluginManagerImpl.callEvent(PaperPluginManagerImpl.java:126) ~[paper-1.20.4.jar:git-Paper-496]
	at org.bukkit.plugin.SimplePluginManager.callEvent(SimplePluginManager.java:615) ~[paper-api-1.20.4-R0.1-SNAPSHOT.jar:?]
	at org.bukkit.craftbukkit.v1_20_R3.event.CraftEventFactory.callEntityDeathEvent(CraftEventFactory.java:987) ~[paper-1.20.4.jar:git-Paper-496]
	at net.minecraft.world.entity.LivingEntity.dropAllDeathLoot(LivingEntity.java:1847) ~[?:?]
	at net.minecraft.world.entity.LivingEntity.die(LivingEntity.java:1741) ~[?:?]
	at net.minecraft.world.entity.LivingEntity.hurt(LivingEntity.java:1565) ~[?:?]
	at net.minecraft.world.entity.animal.Animal.hurt(Animal.java:87) ~[?:?]
	at net.minecraft.world.entity.player.Player.attack(Player.java:1323) ~[?:?]
	at net.minecraft.server.level.ServerPlayer.attack(ServerPlayer.java:2283) ~[?:?]
	at net.minecraft.server.network.ServerGamePacketListenerImpl$3.a(ServerGamePacketListenerImpl.java:2787) ~[?:?]
	at net.minecraft.network.protocol.game.ServerboundInteractPacket$1.dispatch(ServerboundInteractPacket.java:24) ~[?:?]
	at net.minecraft.network.protocol.game.ServerboundInteractPacket.dispatch(ServerboundInteractPacket.java:80) ~[?:?]
	at net.minecraft.server.network.ServerGamePacketListenerImpl.handleInteract(ServerGamePacketListenerImpl.java:2711) ~[?:?]
	at net.minecraft.network.protocol.game.ServerboundInteractPacket.handle(ServerboundInteractPacket.java:67) ~[?:?]
	at net.minecraft.network.protocol.game.ServerboundInteractPacket.handle(ServerboundInteractPacket.java:12) ~[?:?]
	at net.minecraft.network.protocol.PacketUtils.lambda$ensureRunningOnSameThread$0(PacketUtils.java:54) ~[?:?]
	at net.minecraft.server.TickTask.run(TickTask.java:18) ~[paper-1.20.4.jar:git-Paper-496]
	at net.minecraft.util.thread.BlockableEventLoop.doRunTask(BlockableEventLoop.java:149) ~[?:?]
	at net.minecraft.util.thread.ReentrantBlockableEventLoop.doRunTask(ReentrantBlockableEventLoop.java:24) ~[?:?]
	at net.minecraft.server.MinecraftServer.doRunTask(MinecraftServer.java:1465) ~[paper-1.20.4.jar:git-Paper-496]
	at net.minecraft.server.MinecraftServer.d(MinecraftServer.java:194) ~[paper-1.20.4.jar:git-Paper-496]
	at net.minecraft.util.thread.BlockableEventLoop.pollTask(BlockableEventLoop.java:123) ~[?:?]
	at net.minecraft.server.MinecraftServer.pollTaskInternal(MinecraftServer.java:1442) ~[paper-1.20.4.jar:git-Paper-496]
	at net.minecraft.server.MinecraftServer.pollTask(MinecraftServer.java:1365) ~[paper-1.20.4.jar:git-Paper-496]
	at net.minecraft.util.thread.BlockableEventLoop.managedBlock(BlockableEventLoop.java:133) ~[?:?]
	at net.minecraft.server.MinecraftServer.waitUntilNextTick(MinecraftServer.java:1343) ~[paper-1.20.4.jar:git-Paper-496]
	at net.minecraft.server.MinecraftServer.runServer(MinecraftServer.java:1232) ~[paper-1.20.4.jar:git-Paper-496]
	at net.minecraft.server.MinecraftServer.lambda$spin$0(MinecraftServer.java:319) ~[paper-1.20.4.jar:git-Paper-496]
	at java.lang.Thread.run(Thread.java:1583) ~[?:?]
[23:29:03] [Server thread/ERROR]: Could not pass event EntityDeathEvent to QuestSystem v1.0.0
java.lang.NullPointerException: Cannot invoke "java.util.List.stream()" because the return value of "java.util.Map.get(Object)" is null
	at com.schotzgoblin.main.QuestManager.getBossBarFromTitle(QuestManager.java:255) ~[QuestSystem-1.0.jar:?]
	at com.schotzgoblin.main.QuestManager.updateBossBar(QuestManager.java:259) ~[QuestSystem-1.0.jar:?]
	at com.schotzgoblin.main.TrackPlayerQuestProgress.lambda$onEntityDeathEvent$1(TrackPlayerQuestProgress.java:51) ~[QuestSystem-1.0.jar:?]
	at java.util.ArrayList.forEach(ArrayList.java:1596) ~[?:?]
	at com.schotzgoblin.main.TrackPlayerQuestProgress.onEntityDeathEvent(TrackPlayerQuestProgress.java:46) ~[QuestSystem-1.0.jar:?]
	at com.destroystokyo.paper.event.executor.asm.generated.GeneratedEventExecutor31.execute(Unknown Source) ~[?:?]
	at org.bukkit.plugin.EventExecutor$2.execute(EventExecutor.java:77) ~[paper-api-1.20.4-R0.1-SNAPSHOT.jar:?]
	at co.aikar.timings.TimedEventExecutor.execute(TimedEventExecutor.java:81) ~[paper-api-1.20.4-R0.1-SNAPSHOT.jar:git-Paper-496]
	at org.bukkit.plugin.RegisteredListener.callEvent(RegisteredListener.java:70) ~[paper-api-1.20.4-R0.1-SNAPSHOT.jar:?]
	at io.papermc.paper.plugin.manager.PaperEventManager.callEvent(PaperEventManager.java:54) ~[paper-1.20.4.jar:git-Paper-496]
	at io.papermc.paper.plugin.manager.PaperPluginManagerImpl.callEvent(PaperPluginManagerImpl.java:126) ~[paper-1.20.4.jar:git-Paper-496]
	at org.bukkit.plugin.SimplePluginManager.callEvent(SimplePluginManager.java:615) ~[paper-api-1.20.4-R0.1-SNAPSHOT.jar:?]
	at org.bukkit.craftbukkit.v1_20_R3.event.CraftEventFactory.callEntityDeathEvent(CraftEventFactory.java:987) ~[paper-1.20.4.jar:git-Paper-496]
	at net.minecraft.world.entity.LivingEntity.dropAllDeathLoot(LivingEntity.java:1847) ~[?:?]
	at net.minecraft.world.entity.LivingEntity.die(LivingEntity.java:1741) ~[?:?]
	at net.minecraft.world.entity.LivingEntity.hurt(LivingEntity.java:1565) ~[?:?]
	at net.minecraft.world.entity.animal.Animal.hurt(Animal.java:87) ~[?:?]
	at net.minecraft.world.entity.player.Player.attack(Player.java:1323) ~[?:?]
	at net.minecraft.server.level.ServerPlayer.attack(ServerPlayer.java:2283) ~[?:?]
	at net.minecraft.server.network.ServerGamePacketListenerImpl$3.a(ServerGamePacketListenerImpl.java:2787) ~[?:?]
	at net.minecraft.network.protocol.game.ServerboundInteractPacket$1.dispatch(ServerboundInteractPacket.java:24) ~[?:?]
	at net.minecraft.network.protocol.game.ServerboundInteractPacket.dispatch(ServerboundInteractPacket.java:80) ~[?:?]
	at net.minecraft.server.network.ServerGamePacketListenerImpl.handleInteract(ServerGamePacketListenerImpl.java:2711) ~[?:?]
	at net.minecraft.network.protocol.game.ServerboundInteractPacket.handle(ServerboundInteractPacket.java:67) ~[?:?]
	at net.minecraft.network.protocol.game.ServerboundInteractPacket.handle(ServerboundInteractPacket.java:12) ~[?:?]
	at net.minecraft.network.protocol.PacketUtils.lambda$ensureRunningOnSameThread$0(PacketUtils.java:54) ~[?:?]
	at net.minecraft.server.TickTask.run(TickTask.java:18) ~[paper-1.20.4.jar:git-Paper-496]
	at net.minecraft.util.thread.BlockableEventLoop.doRunTask(BlockableEventLoop.java:149) ~[?:?]
	at net.minecraft.util.thread.ReentrantBlockableEventLoop.doRunTask(ReentrantBlockableEventLoop.java:24) ~[?:?]
	at net.minecraft.server.MinecraftServer.doRunTask(MinecraftServer.java:1465) ~[paper-1.20.4.jar:git-Paper-496]
	at net.minecraft.server.MinecraftServer.d(MinecraftServer.java:194) ~[paper-1.20.4.jar:git-Paper-496]
	at net.minecraft.util.thread.BlockableEventLoop.pollTask(BlockableEventLoop.java:123) ~[?:?]
	at net.minecraft.server.MinecraftServer.pollTaskInternal(MinecraftServer.java:1442) ~[paper-1.20.4.jar:git-Paper-496]
	at net.minecraft.server.MinecraftServer.pollTask(MinecraftServer.java:1365) ~[paper-1.20.4.jar:git-Paper-496]
	at net.minecraft.util.thread.BlockableEventLoop.managedBlock(BlockableEventLoop.java:133) ~[?:?]
	at net.minecraft.server.MinecraftServer.waitUntilNextTick(MinecraftServer.java:1343) ~[paper-1.20.4.jar:git-Paper-496]
	at net.minecraft.server.MinecraftServer.runServer(MinecraftServer.java:1232) ~[paper-1.20.4.jar:git-Paper-496]
	at net.minecraft.server.MinecraftServer.lambda$spin$0(MinecraftServer.java:319) ~[paper-1.20.4.jar:git-Paper-496]
	at java.lang.Thread.run(Thread.java:1583) ~[?:?]
[23:30:19] [Server thread/WARN]: [QuestSystem] Task #13 for QuestSystem v1.0.0 generated an exception
java.lang.NullPointerException: Cannot invoke "java.util.List.stream()" because the return value of "java.util.Map.get(Object)" is null
	at com.schotzgoblin.main.QuestManager.getBossBarFromTitle(QuestManager.java:255) ~[QuestSystem-1.0.jar:?]
	at com.schotzgoblin.main.QuestManager.hideBossBar(QuestManager.java:284) ~[QuestSystem-1.0.jar:?]
	at com.schotzgoblin.main.QuestManager$QuestTimerTask.run(QuestManager.java:316) ~[QuestSystem-1.0.jar:?]
	at org.bukkit.craftbukkit.v1_20_R3.scheduler.CraftTask.run(CraftTask.java:101) ~[paper-1.20.4.jar:git-Paper-496]
	at org.bukkit.craftbukkit.v1_20_R3.scheduler.CraftScheduler.mainThreadHeartbeat(CraftScheduler.java:482) ~[paper-1.20.4.jar:git-Paper-496]
	at net.minecraft.server.MinecraftServer.tickChildren(MinecraftServer.java:1646) ~[paper-1.20.4.jar:git-Paper-496]
	at net.minecraft.server.dedicated.DedicatedServer.tickChildren(DedicatedServer.java:447) ~[paper-1.20.4.jar:git-Paper-496]
	at net.minecraft.server.MinecraftServer.tickServer(MinecraftServer.java:1525) ~[paper-1.20.4.jar:git-Paper-496]
	at net.minecraft.server.MinecraftServer.runServer(MinecraftServer.java:1226) ~[paper-1.20.4.jar:git-Paper-496]
	at net.minecraft.server.MinecraftServer.lambda$spin$0(MinecraftServer.java:319) ~[paper-1.20.4.jar:git-Paper-496]
	at java.lang.Thread.run(Thread.java:1583) ~[?:?]
[23:30:20] [Server thread/WARN]: [QuestSystem] Task #15 for QuestSystem v1.0.0 generated an exception
java.lang.NullPointerException: Cannot invoke "java.util.List.stream()" because the return value of "java.util.Map.get(Object)" is null
	at com.schotzgoblin.main.QuestManager.getBossBarFromTitle(QuestManager.java:255) ~[QuestSystem-1.0.jar:?]
	at com.schotzgoblin.main.QuestManager.hideBossBar(QuestManager.java:284) ~[QuestSystem-1.0.jar:?]
	at com.schotzgoblin.main.QuestManager$QuestTimerTask.run(QuestManager.java:316) ~[QuestSystem-1.0.jar:?]
	at org.bukkit.craftbukkit.v1_20_R3.scheduler.CraftTask.run(CraftTask.java:101) ~[paper-1.20.4.jar:git-Paper-496]
	at org.bukkit.craftbukkit.v1_20_R3.scheduler.CraftScheduler.mainThreadHeartbeat(CraftScheduler.java:482) ~[paper-1.20.4.jar:git-Paper-496]
	at net.minecraft.server.MinecraftServer.tickChildren(MinecraftServer.java:1646) ~[paper-1.20.4.jar:git-Paper-496]
	at net.minecraft.server.dedicated.DedicatedServer.tickChildren(DedicatedServer.java:447) ~[paper-1.20.4.jar:git-Paper-496]
	at net.minecraft.server.MinecraftServer.tickServer(MinecraftServer.java:1525) ~[paper-1.20.4.jar:git-Paper-496]
	at net.minecraft.server.MinecraftServer.runServer(MinecraftServer.java:1226) ~[paper-1.20.4.jar:git-Paper-496]
	at net.minecraft.server.MinecraftServer.lambda$spin$0(MinecraftServer.java:319) ~[paper-1.20.4.jar:git-Paper-496]
	at java.lang.Thread.run(Thread.java:1583) ~[?:?]
[23:34:12] [Server thread/INFO]: CONSOLE: Please note that this command is not supported and may cause issues when using some plugins.
[23:34:12] [Server thread/INFO]: CONSOLE: If you encounter any issues please use the /stop command to restart your server.
[23:34:12] [Server thread/INFO]: Using 4 threads for Netty based IO
[23:34:12] [Server thread/INFO]: Server Ping Player Sample Count: 12
[23:34:12] [Server thread/INFO]: [QuestSystem] Disabling QuestSystem v1.0.0
[23:34:12] [Server thread/INFO]: Shutting down
[23:34:13] [Server thread/INFO]: Loaded 1174 recipes
[23:34:13] [Server thread/INFO]: Loaded 1271 advancements
[23:34:13] [Server thread/INFO]: [QuestSystem] Loading server plugin QuestSystem v1.0.0
[23:34:13] [Server thread/INFO]: Server permissions file permissions.yml is empty, ignoring it
[23:34:13] [Server thread/INFO]: [QuestSystem] Enabling QuestSystem v1.0.0
[23:34:13] [Server thread/INFO]: Hello World
[23:34:13] [Server thread/INFO]: CONSOLE: Reload complete.
[23:34:13] [Server thread/INFO]: Timings Reset
[23:34:16] [Server thread/INFO]: Schotzgoblin lost connection: Disconnected
[23:34:16] [Server thread/INFO]: Schotzgoblin left the game
[23:34:19] [User Authenticator #2/INFO]: UUID of player Schotzgoblin is cdfb5f90-21c3-4aa8-be6f-39d8780b88f7
[23:34:19] [Server thread/INFO]: Schotzgoblin joined the game
[23:34:19] [Server thread/INFO]: Schotzgoblin[/127.0.0.1:50458] logged in with entity id 512 at ([world]65.5, 142.0, 44.5)
[23:34:36] [Server thread/INFO]: Schotzgoblin issued server command: /gamemode survival
[23:34:36] [Server thread/INFO]: [Schotzgoblin: Set own game mode to Survival Mode]
[23:41:13] [Server thread/INFO]: CONSOLE: Please note that this command is not supported and may cause issues when using some plugins.
[23:41:13] [Server thread/INFO]: CONSOLE: If you encounter any issues please use the /stop command to restart your server.
[23:41:13] [Server thread/INFO]: Using 4 threads for Netty based IO
[23:41:13] [Server thread/INFO]: Server Ping Player Sample Count: 12
[23:41:13] [Server thread/INFO]: [QuestSystem] Disabling QuestSystem v1.0.0
[23:41:13] [Server thread/INFO]: Shutting down
[23:41:13] [Server thread/INFO]: Loaded 1174 recipes
[23:41:13] [Server thread/INFO]: Loaded 1271 advancements
[23:41:13] [Server thread/INFO]: [QuestSystem] Loading server plugin QuestSystem v1.0.0
[23:41:13] [Server thread/INFO]: Server permissions file permissions.yml is empty, ignoring it
[23:41:13] [Server thread/INFO]: [QuestSystem] Enabling QuestSystem v1.0.0
[23:41:13] [Server thread/INFO]: Hello World
[23:41:13] [Server thread/INFO]: CONSOLE: Reload complete.
[23:41:13] [Server thread/INFO]: Timings Reset
[23:42:13] [Server thread/INFO]: CONSOLE: Please note that this command is not supported and may cause issues when using some plugins.
[23:42:13] [Server thread/INFO]: CONSOLE: If you encounter any issues please use the /stop command to restart your server.
[23:42:13] [Server thread/INFO]: Using 4 threads for Netty based IO
[23:42:13] [Server thread/INFO]: Server Ping Player Sample Count: 12
[23:42:13] [Server thread/INFO]: [QuestSystem] Disabling QuestSystem v1.0.0
[23:42:13] [Server thread/INFO]: Shutting down
[23:42:13] [Server thread/INFO]: Loaded 1174 recipes
[23:42:13] [Server thread/INFO]: Loaded 1271 advancements
[23:42:13] [Server thread/INFO]: [QuestSystem] Loading server plugin QuestSystem v1.0.0
[23:42:13] [Server thread/INFO]: Server permissions file permissions.yml is empty, ignoring it
[23:42:13] [Server thread/INFO]: [QuestSystem] Enabling QuestSystem v1.0.0
[23:42:13] [Server thread/INFO]: Hello World
[23:42:13] [Server thread/INFO]: CONSOLE: Reload complete.
[23:42:13] [Server thread/INFO]: Timings Reset
[23:47:10] [Server thread/INFO]: CONSOLE: Please note that this command is not supported and may cause issues when using some plugins.
[23:47:10] [Server thread/INFO]: CONSOLE: If you encounter any issues please use the /stop command to restart your server.
[23:47:10] [Server thread/INFO]: Using 4 threads for Netty based IO
[23:47:10] [Server thread/INFO]: Server Ping Player Sample Count: 12
[23:47:10] [Server thread/INFO]: [QuestSystem] Disabling QuestSystem v1.0.0
[23:47:10] [Server thread/INFO]: Shutting down
[23:47:10] [Server thread/INFO]: Loaded 1174 recipes
[23:47:10] [Server thread/INFO]: Loaded 1271 advancements
[23:47:10] [Server thread/INFO]: [QuestSystem] Loading server plugin QuestSystem v1.0.0
[23:47:10] [Server thread/INFO]: Server permissions file permissions.yml is empty, ignoring it
[23:47:10] [Server thread/INFO]: [QuestSystem] Enabling QuestSystem v1.0.0
[23:47:10] [Server thread/INFO]: Hello World
[23:47:10] [Server thread/INFO]: CONSOLE: Reload complete.
[23:47:10] [Server thread/INFO]: Timings Reset
[23:47:40] [Server thread/INFO]: Schotzgoblin issued server command: /give Schotzgoblin stone 50
[23:47:40] [Server thread/INFO]: [Schotzgoblin: Gave 50 [Stone] to Schotzgoblin]
[23:48:34] [Server thread/INFO]: CONSOLE: Please note that this command is not supported and may cause issues when using some plugins.
[23:48:34] [Server thread/INFO]: CONSOLE: If you encounter any issues please use the /stop command to restart your server.
[23:48:34] [Server thread/INFO]: Using 4 threads for Netty based IO
[23:48:34] [Server thread/INFO]: Server Ping Player Sample Count: 12
[23:48:34] [Server thread/INFO]: [QuestSystem] Disabling QuestSystem v1.0.0
[23:48:34] [Server thread/INFO]: Shutting down
[23:48:35] [Server thread/INFO]: Loaded 1174 recipes
[23:48:35] [Server thread/INFO]: Loaded 1271 advancements
[23:48:35] [Server thread/INFO]: [QuestSystem] Loading server plugin QuestSystem v1.0.0
[23:48:35] [Server thread/INFO]: Server permissions file permissions.yml is empty, ignoring it
[23:48:35] [Server thread/INFO]: [QuestSystem] Enabling QuestSystem v1.0.0
[23:48:35] [Server thread/INFO]: Hello World
[23:48:35] [Server thread/INFO]: CONSOLE: Reload complete.
[23:48:35] [Server thread/INFO]: Timings Reset
[23:49:32] [Server thread/INFO]: CONSOLE: Please note that this command is not supported and may cause issues when using some plugins.
[23:49:32] [Server thread/INFO]: CONSOLE: If you encounter any issues please use the /stop command to restart your server.
[23:49:32] [Server thread/INFO]: Using 4 threads for Netty based IO
[23:49:32] [Server thread/INFO]: Server Ping Player Sample Count: 12
[23:49:32] [Server thread/INFO]: [QuestSystem] Disabling QuestSystem v1.0.0
[23:49:32] [Server thread/INFO]: Shutting down
[23:49:32] [Server thread/INFO]: Loaded 1174 recipes
[23:49:33] [Server thread/INFO]: Loaded 1271 advancements
[23:49:33] [Server thread/INFO]: [QuestSystem] Loading server plugin QuestSystem v1.0.0
[23:49:33] [Server thread/INFO]: Server permissions file permissions.yml is empty, ignoring it
[23:49:33] [Server thread/INFO]: [QuestSystem] Enabling QuestSystem v1.0.0
[23:49:33] [Server thread/INFO]: Hello World
[23:49:33] [Server thread/INFO]: CONSOLE: Reload complete.
[23:49:33] [Server thread/INFO]: Timings Reset
[23:50:22] [Server thread/INFO]: CONSOLE: Please note that this command is not supported and may cause issues when using some plugins.
[23:50:22] [Server thread/INFO]: CONSOLE: If you encounter any issues please use the /stop command to restart your server.
[23:50:22] [Server thread/INFO]: Using 4 threads for Netty based IO
[23:50:22] [Server thread/INFO]: Server Ping Player Sample Count: 12
[23:50:23] [Server thread/INFO]: [QuestSystem] Disabling QuestSystem v1.0.0
[23:50:23] [Server thread/INFO]: Shutting down
[23:50:23] [Server thread/INFO]: Loaded 1174 recipes
[23:50:23] [Server thread/INFO]: Loaded 1271 advancements
[23:50:23] [Server thread/INFO]: [QuestSystem] Loading server plugin QuestSystem v1.0.0
[23:50:23] [Server thread/INFO]: Server permissions file permissions.yml is empty, ignoring it
[23:50:23] [Server thread/INFO]: [QuestSystem] Enabling QuestSystem v1.0.0
[23:50:23] [Server thread/INFO]: Hello World
[23:50:23] [Server thread/INFO]: CONSOLE: Reload complete.
[23:50:23] [Server thread/INFO]: Timings Reset
[23:50:37] [Server thread/ERROR]: Could not pass event EntityPickupItemEvent to QuestSystem v1.0.0
java.lang.NullPointerException: Cannot invoke "java.util.List.stream()" because the return value of "java.util.Map.get(Object)" is null
	at com.schotzgoblin.main.QuestManager.getBossBarFromTitle(QuestManager.java:256) ~[QuestSystem-1.0.jar:?]
	at com.schotzgoblin.main.QuestManager.updateBossBar(QuestManager.java:260) ~[QuestSystem-1.0.jar:?]
	at com.schotzgoblin.main.TrackPlayerQuestProgress.lambda$onEntityPickupItemEvent$2(TrackPlayerQuestProgress.java:76) ~[QuestSystem-1.0.jar:?]
	at java.util.ArrayList.forEach(ArrayList.java:1596) ~[?:?]
	at com.schotzgoblin.main.TrackPlayerQuestProgress.onEntityPickupItemEvent(TrackPlayerQuestProgress.java:71) ~[QuestSystem-1.0.jar:?]
	at com.destroystokyo.paper.event.executor.asm.generated.GeneratedEventExecutor123.execute(Unknown Source) ~[?:?]
	at org.bukkit.plugin.EventExecutor$2.execute(EventExecutor.java:77) ~[paper-api-1.20.4-R0.1-SNAPSHOT.jar:?]
	at co.aikar.timings.TimedEventExecutor.execute(TimedEventExecutor.java:81) ~[paper-api-1.20.4-R0.1-SNAPSHOT.jar:git-Paper-496]
	at org.bukkit.plugin.RegisteredListener.callEvent(RegisteredListener.java:70) ~[paper-api-1.20.4-R0.1-SNAPSHOT.jar:?]
	at io.papermc.paper.plugin.manager.PaperEventManager.callEvent(PaperEventManager.java:54) ~[paper-1.20.4.jar:git-Paper-496]
	at io.papermc.paper.plugin.manager.PaperPluginManagerImpl.callEvent(PaperPluginManagerImpl.java:126) ~[paper-1.20.4.jar:git-Paper-496]
	at org.bukkit.plugin.SimplePluginManager.callEvent(SimplePluginManager.java:615) ~[paper-api-1.20.4-R0.1-SNAPSHOT.jar:?]
	at net.minecraft.world.entity.item.ItemEntity.playerTouch(ItemEntity.java:503) ~[?:?]
	at net.minecraft.world.entity.player.Player.touch(Player.java:635) ~[?:?]
	at net.minecraft.world.entity.player.Player.aiStep(Player.java:600) ~[?:?]
	at net.minecraft.world.entity.LivingEntity.tick(LivingEntity.java:3066) ~[?:?]
	at net.minecraft.world.entity.player.Player.tick(Player.java:274) ~[?:?]
	at net.minecraft.server.level.ServerPlayer.doTick(ServerPlayer.java:770) ~[?:?]
	at net.minecraft.server.network.ServerGamePacketListenerImpl.tick(ServerGamePacketListenerImpl.java:338) ~[?:?]
	at net.minecraft.network.Connection.tick(Connection.java:593) ~[?:?]
	at net.minecraft.server.network.ServerConnectionListener.tick(ServerConnectionListener.java:234) ~[?:?]
	at net.minecraft.server.MinecraftServer.tickChildren(MinecraftServer.java:1746) ~[paper-1.20.4.jar:git-Paper-496]
	at net.minecraft.server.dedicated.DedicatedServer.tickChildren(DedicatedServer.java:447) ~[paper-1.20.4.jar:git-Paper-496]
	at net.minecraft.server.MinecraftServer.tickServer(MinecraftServer.java:1525) ~[paper-1.20.4.jar:git-Paper-496]
	at net.minecraft.server.MinecraftServer.runServer(MinecraftServer.java:1226) ~[paper-1.20.4.jar:git-Paper-496]
	at net.minecraft.server.MinecraftServer.lambda$spin$0(MinecraftServer.java:319) ~[paper-1.20.4.jar:git-Paper-496]
	at java.lang.Thread.run(Thread.java:1583) ~[?:?]
[23:51:13] [Server thread/INFO]: Schotzgoblin lost connection: Disconnected
[23:51:13] [Server thread/INFO]: Schotzgoblin left the game
[23:51:15] [User Authenticator #3/INFO]: UUID of player Schotzgoblin is cdfb5f90-21c3-4aa8-be6f-39d8780b88f7
[23:51:15] [Server thread/INFO]: Schotzgoblin joined the game
[23:51:15] [Server thread/INFO]: Schotzgoblin[/127.0.0.1:56374] logged in with entity id 1037 at ([world]65.5, 142.0, 44.5)
[23:52:15] [Server thread/INFO]: CONSOLE: Please note that this command is not supported and may cause issues when using some plugins.
[23:52:15] [Server thread/INFO]: CONSOLE: If you encounter any issues please use the /stop command to restart your server.
[23:52:15] [Server thread/INFO]: Using 4 threads for Netty based IO
[23:52:15] [Server thread/INFO]: Server Ping Player Sample Count: 12
[23:52:15] [Server thread/INFO]: [QuestSystem] Disabling QuestSystem v1.0.0
[23:52:15] [Server thread/INFO]: Shutting down
[23:52:15] [Server thread/INFO]: Loaded 1174 recipes
[23:52:15] [Server thread/INFO]: Loaded 1271 advancements
[23:52:15] [Server thread/INFO]: [QuestSystem] Loading server plugin QuestSystem v1.0.0
[23:52:15] [Server thread/INFO]: Server permissions file permissions.yml is empty, ignoring it
[23:52:15] [Server thread/INFO]: [QuestSystem] Enabling QuestSystem v1.0.0
[23:52:15] [Server thread/INFO]: Hello World
[23:52:15] [Server thread/INFO]: CONSOLE: Reload complete.
[23:52:15] [Server thread/INFO]: Timings Reset
[23:52:50] [Server thread/ERROR]: Could not pass event EntityPickupItemEvent to QuestSystem v1.0.0
java.lang.IllegalArgumentException: progress must be between 0.0 and 1.0, was 1.8
	at net.kyori.adventure.bossbar.BossBarImpl.checkProgress(BossBarImpl.java:122) ~[adventure-api-4.16.0.jar:?]
	at net.kyori.adventure.bossbar.BossBarImpl.progress(BossBarImpl.java:111) ~[adventure-api-4.16.0.jar:?]
	at com.schotzgoblin.main.QuestManager.updateBossBar(QuestManager.java:261) ~[QuestSystem-1.0.jar:?]
	at com.schotzgoblin.main.TrackPlayerQuestProgress.lambda$onEntityPickupItemEvent$2(TrackPlayerQuestProgress.java:76) ~[QuestSystem-1.0.jar:?]
	at java.util.ArrayList.forEach(ArrayList.java:1596) ~[?:?]
	at com.schotzgoblin.main.TrackPlayerQuestProgress.onEntityPickupItemEvent(TrackPlayerQuestProgress.java:71) ~[QuestSystem-1.0.jar:?]
	at com.destroystokyo.paper.event.executor.asm.generated.GeneratedEventExecutor136.execute(Unknown Source) ~[?:?]
	at org.bukkit.plugin.EventExecutor$2.execute(EventExecutor.java:77) ~[paper-api-1.20.4-R0.1-SNAPSHOT.jar:?]
	at co.aikar.timings.TimedEventExecutor.execute(TimedEventExecutor.java:81) ~[paper-api-1.20.4-R0.1-SNAPSHOT.jar:git-Paper-496]
	at org.bukkit.plugin.RegisteredListener.callEvent(RegisteredListener.java:70) ~[paper-api-1.20.4-R0.1-SNAPSHOT.jar:?]
	at io.papermc.paper.plugin.manager.PaperEventManager.callEvent(PaperEventManager.java:54) ~[paper-1.20.4.jar:git-Paper-496]
	at io.papermc.paper.plugin.manager.PaperPluginManagerImpl.callEvent(PaperPluginManagerImpl.java:126) ~[paper-1.20.4.jar:git-Paper-496]
	at org.bukkit.plugin.SimplePluginManager.callEvent(SimplePluginManager.java:615) ~[paper-api-1.20.4-R0.1-SNAPSHOT.jar:?]
	at net.minecraft.world.entity.item.ItemEntity.playerTouch(ItemEntity.java:503) ~[?:?]
	at net.minecraft.world.entity.player.Player.touch(Player.java:635) ~[?:?]
	at net.minecraft.world.entity.player.Player.aiStep(Player.java:600) ~[?:?]
	at net.minecraft.world.entity.LivingEntity.tick(LivingEntity.java:3066) ~[?:?]
	at net.minecraft.world.entity.player.Player.tick(Player.java:274) ~[?:?]
	at net.minecraft.server.level.ServerPlayer.doTick(ServerPlayer.java:770) ~[?:?]
	at net.minecraft.server.network.ServerGamePacketListenerImpl.tick(ServerGamePacketListenerImpl.java:338) ~[?:?]
	at net.minecraft.network.Connection.tick(Connection.java:593) ~[?:?]
	at net.minecraft.server.network.ServerConnectionListener.tick(ServerConnectionListener.java:234) ~[?:?]
	at net.minecraft.server.MinecraftServer.tickChildren(MinecraftServer.java:1746) ~[paper-1.20.4.jar:git-Paper-496]
	at net.minecraft.server.dedicated.DedicatedServer.tickChildren(DedicatedServer.java:447) ~[paper-1.20.4.jar:git-Paper-496]
	at net.minecraft.server.MinecraftServer.tickServer(MinecraftServer.java:1525) ~[paper-1.20.4.jar:git-Paper-496]
	at net.minecraft.server.MinecraftServer.runServer(MinecraftServer.java:1226) ~[paper-1.20.4.jar:git-Paper-496]
	at net.minecraft.server.MinecraftServer.lambda$spin$0(MinecraftServer.java:319) ~[paper-1.20.4.jar:git-Paper-496]
	at java.lang.Thread.run(Thread.java:1583) ~[?:?]
[23:54:18] [Server thread/INFO]: CONSOLE: Please note that this command is not supported and may cause issues when using some plugins.
[23:54:18] [Server thread/INFO]: CONSOLE: If you encounter any issues please use the /stop command to restart your server.
[23:54:18] [Server thread/INFO]: Using 4 threads for Netty based IO
[23:54:18] [Server thread/INFO]: Server Ping Player Sample Count: 12
[23:54:18] [Server thread/INFO]: [QuestSystem] Disabling QuestSystem v1.0.0
[23:54:18] [Server thread/INFO]: Shutting down
[23:54:19] [Server thread/INFO]: Loaded 1174 recipes
[23:54:19] [Server thread/INFO]: Loaded 1271 advancements
[23:54:19] [Server thread/INFO]: [QuestSystem] Loading server plugin QuestSystem v1.0.0
[23:54:19] [Server thread/INFO]: Server permissions file permissions.yml is empty, ignoring it
[23:54:19] [Server thread/INFO]: [QuestSystem] Enabling QuestSystem v1.0.0
[23:54:19] [Server thread/INFO]: Hello World
[23:54:19] [Server thread/INFO]: CONSOLE: Reload complete.
[23:54:19] [Server thread/INFO]: Timings Reset
[23:54:25] [Server thread/ERROR]: Could not pass event EntityPickupItemEvent to QuestSystem v1.0.0
java.lang.NullPointerException: Cannot invoke "java.util.List.stream()" because the return value of "java.util.Map.get(Object)" is null
	at com.schotzgoblin.main.QuestManager.getBossBarFromTitle(QuestManager.java:256) ~[QuestSystem-1.0.jar:?]
	at com.schotzgoblin.main.QuestManager.updateBossBar(QuestManager.java:260) ~[QuestSystem-1.0.jar:?]
	at com.schotzgoblin.main.TrackPlayerQuestProgress.lambda$onEntityPickupItemEvent$2(TrackPlayerQuestProgress.java:76) ~[QuestSystem-1.0.jar:?]
	at java.util.ArrayList.forEach(ArrayList.java:1596) ~[?:?]
	at com.schotzgoblin.main.TrackPlayerQuestProgress.onEntityPickupItemEvent(TrackPlayerQuestProgress.java:71) ~[QuestSystem-1.0.jar:?]
	at com.destroystokyo.paper.event.executor.asm.generated.GeneratedEventExecutor149.execute(Unknown Source) ~[?:?]
	at org.bukkit.plugin.EventExecutor$2.execute(EventExecutor.java:77) ~[paper-api-1.20.4-R0.1-SNAPSHOT.jar:?]
	at co.aikar.timings.TimedEventExecutor.execute(TimedEventExecutor.java:81) ~[paper-api-1.20.4-R0.1-SNAPSHOT.jar:git-Paper-496]
	at org.bukkit.plugin.RegisteredListener.callEvent(RegisteredListener.java:70) ~[paper-api-1.20.4-R0.1-SNAPSHOT.jar:?]
	at io.papermc.paper.plugin.manager.PaperEventManager.callEvent(PaperEventManager.java:54) ~[paper-1.20.4.jar:git-Paper-496]
	at io.papermc.paper.plugin.manager.PaperPluginManagerImpl.callEvent(PaperPluginManagerImpl.java:126) ~[paper-1.20.4.jar:git-Paper-496]
	at org.bukkit.plugin.SimplePluginManager.callEvent(SimplePluginManager.java:615) ~[paper-api-1.20.4-R0.1-SNAPSHOT.jar:?]
	at net.minecraft.world.entity.item.ItemEntity.playerTouch(ItemEntity.java:503) ~[?:?]
	at net.minecraft.world.entity.player.Player.touch(Player.java:635) ~[?:?]
	at net.minecraft.world.entity.player.Player.aiStep(Player.java:600) ~[?:?]
	at net.minecraft.world.entity.LivingEntity.tick(LivingEntity.java:3066) ~[?:?]
	at net.minecraft.world.entity.player.Player.tick(Player.java:274) ~[?:?]
	at net.minecraft.server.level.ServerPlayer.doTick(ServerPlayer.java:770) ~[?:?]
	at net.minecraft.server.network.ServerGamePacketListenerImpl.tick(ServerGamePacketListenerImpl.java:338) ~[?:?]
	at net.minecraft.network.Connection.tick(Connection.java:593) ~[?:?]
	at net.minecraft.server.network.ServerConnectionListener.tick(ServerConnectionListener.java:234) ~[?:?]
	at net.minecraft.server.MinecraftServer.tickChildren(MinecraftServer.java:1746) ~[paper-1.20.4.jar:git-Paper-496]
	at net.minecraft.server.dedicated.DedicatedServer.tickChildren(DedicatedServer.java:447) ~[paper-1.20.4.jar:git-Paper-496]
	at net.minecraft.server.MinecraftServer.tickServer(MinecraftServer.java:1525) ~[paper-1.20.4.jar:git-Paper-496]
	at net.minecraft.server.MinecraftServer.runServer(MinecraftServer.java:1226) ~[paper-1.20.4.jar:git-Paper-496]
	at net.minecraft.server.MinecraftServer.lambda$spin$0(MinecraftServer.java:319) ~[paper-1.20.4.jar:git-Paper-496]
	at java.lang.Thread.run(Thread.java:1583) ~[?:?]
[23:54:27] [Server thread/INFO]: Schotzgoblin lost connection: Disconnected
[23:54:27] [Server thread/INFO]: [QuestSystem] [STDOUT] 
[23:54:27] [Server thread/WARN]: Nag author(s): '[Schotzgoblin]' of 'QuestSystem v1.0.0' about their usage of System.out/err.print. Please use your plugin's logger instead (JavaPlugin#getLogger).
[23:54:27] [Server thread/ERROR]: Could not pass event PlayerQuitEvent to QuestSystem v1.0.0
java.lang.NullPointerException: Cannot invoke "org.bukkit.scheduler.BukkitRunnable.cancel()" because the return value of "java.util.Map.get(Object)" is null
	at com.schotzgoblin.main.QuestManager.onPlayerQuitEvent(QuestManager.java:346) ~[QuestSystem-1.0.jar:?]
	at com.destroystokyo.paper.event.executor.asm.generated.GeneratedEventExecutor146.execute(Unknown Source) ~[?:?]
	at org.bukkit.plugin.EventExecutor$2.execute(EventExecutor.java:77) ~[paper-api-1.20.4-R0.1-SNAPSHOT.jar:?]
	at co.aikar.timings.TimedEventExecutor.execute(TimedEventExecutor.java:81) ~[paper-api-1.20.4-R0.1-SNAPSHOT.jar:git-Paper-496]
	at org.bukkit.plugin.RegisteredListener.callEvent(RegisteredListener.java:70) ~[paper-api-1.20.4-R0.1-SNAPSHOT.jar:?]
	at io.papermc.paper.plugin.manager.PaperEventManager.callEvent(PaperEventManager.java:54) ~[paper-1.20.4.jar:git-Paper-496]
	at io.papermc.paper.plugin.manager.PaperPluginManagerImpl.callEvent(PaperPluginManagerImpl.java:126) ~[paper-1.20.4.jar:git-Paper-496]
	at org.bukkit.plugin.SimplePluginManager.callEvent(SimplePluginManager.java:615) ~[paper-api-1.20.4-R0.1-SNAPSHOT.jar:?]
	at net.minecraft.server.players.PlayerList.remove(PlayerList.java:613) ~[paper-1.20.4.jar:git-Paper-496]
	at net.minecraft.server.players.PlayerList.remove(PlayerList.java:598) ~[paper-1.20.4.jar:git-Paper-496]
	at net.minecraft.server.network.ServerGamePacketListenerImpl.removePlayerFromWorld(ServerGamePacketListenerImpl.java:2093) ~[?:?]
	at net.minecraft.server.network.ServerGamePacketListenerImpl.onDisconnect(ServerGamePacketListenerImpl.java:2073) ~[?:?]
	at net.minecraft.server.network.ServerGamePacketListenerImpl.onDisconnect(ServerGamePacketListenerImpl.java:2060) ~[?:?]
	at net.minecraft.network.Connection.handleDisconnection(Connection.java:838) ~[?:?]
	at net.minecraft.server.network.ServerConnectionListener.tick(ServerConnectionListener.java:254) ~[?:?]
	at net.minecraft.server.MinecraftServer.tickChildren(MinecraftServer.java:1746) ~[paper-1.20.4.jar:git-Paper-496]
	at net.minecraft.server.dedicated.DedicatedServer.tickChildren(DedicatedServer.java:447) ~[paper-1.20.4.jar:git-Paper-496]
	at net.minecraft.server.MinecraftServer.tickServer(MinecraftServer.java:1525) ~[paper-1.20.4.jar:git-Paper-496]
	at net.minecraft.server.MinecraftServer.runServer(MinecraftServer.java:1226) ~[paper-1.20.4.jar:git-Paper-496]
	at net.minecraft.server.MinecraftServer.lambda$spin$0(MinecraftServer.java:319) ~[paper-1.20.4.jar:git-Paper-496]
	at java.lang.Thread.run(Thread.java:1583) ~[?:?]
[23:54:27] [Server thread/INFO]: Schotzgoblin left the game
[23:54:28] [User Authenticator #4/INFO]: UUID of player Schotzgoblin is cdfb5f90-21c3-4aa8-be6f-39d8780b88f7
[23:54:28] [Server thread/INFO]: Schotzgoblin joined the game
[23:54:28] [Server thread/INFO]: Schotzgoblin[/127.0.0.1:64402] logged in with entity id 1156 at ([world]65.5, 142.0, 44.5)
[23:57:02] [Server thread/INFO]: CONSOLE: Please note that this command is not supported and may cause issues when using some plugins.
[23:57:02] [Server thread/INFO]: CONSOLE: If you encounter any issues please use the /stop command to restart your server.
[23:57:02] [Server thread/INFO]: Using 4 threads for Netty based IO
[23:57:02] [Server thread/INFO]: Server Ping Player Sample Count: 12
[23:57:02] [Server thread/INFO]: [QuestSystem] Disabling QuestSystem v1.0.0
[23:57:02] [Server thread/INFO]: Shutting down
[23:57:02] [Server thread/INFO]: Loaded 1174 recipes
[23:57:02] [Server thread/INFO]: Loaded 1271 advancements
[23:57:03] [Server thread/INFO]: [QuestSystem] Loading server plugin QuestSystem v1.0.0
[23:57:03] [Server thread/INFO]: Server permissions file permissions.yml is empty, ignoring it
[23:57:03] [Server thread/INFO]: [QuestSystem] Enabling QuestSystem v1.0.0
[23:57:03] [Server thread/INFO]: Hello World
[23:57:03] [Server thread/INFO]: CONSOLE: Reload complete.
[23:57:03] [Server thread/INFO]: Timings Reset
[23:57:30] [Server thread/INFO]: CONSOLE: Please note that this command is not supported and may cause issues when using some plugins.
[23:57:30] [Server thread/INFO]: CONSOLE: If you encounter any issues please use the /stop command to restart your server.
[23:57:30] [Server thread/INFO]: Using 4 threads for Netty based IO
[23:57:30] [Server thread/INFO]: Server Ping Player Sample Count: 12
[23:57:30] [Server thread/INFO]: [QuestSystem] Disabling QuestSystem v1.0.0
[23:57:30] [Server thread/INFO]: Shutting down
[23:57:30] [Server thread/INFO]: Loaded 1174 recipes
[23:57:30] [Server thread/INFO]: Loaded 1271 advancements
[23:57:30] [Server thread/INFO]: [QuestSystem] Loading server plugin QuestSystem v1.0.0
[23:57:30] [Server thread/INFO]: Server permissions file permissions.yml is empty, ignoring it
[23:57:30] [Server thread/INFO]: [QuestSystem] Enabling QuestSystem v1.0.0
[23:57:30] [Server thread/INFO]: Hello World
[23:57:30] [Server thread/INFO]: CONSOLE: Reload complete.
[23:57:30] [Server thread/INFO]: Timings Reset
[23:59:38] [Server thread/INFO]: CONSOLE: Please note that this command is not supported and may cause issues when using some plugins.
[23:59:38] [Server thread/INFO]: CONSOLE: If you encounter any issues please use the /stop command to restart your server.
[23:59:38] [Server thread/INFO]: Using 4 threads for Netty based IO
[23:59:38] [Server thread/INFO]: Server Ping Player Sample Count: 12
[23:59:39] [Server thread/INFO]: [QuestSystem] Disabling QuestSystem v1.0.0
[23:59:39] [Server thread/INFO]: Shutting down
[23:59:39] [Server thread/INFO]: Loaded 1174 recipes
[23:59:39] [Server thread/INFO]: Loaded 1271 advancements
[23:59:39] [Server thread/INFO]: [QuestSystem] Loading server plugin QuestSystem v1.0.0
[23:59:39] [Server thread/INFO]: Server permissions file permissions.yml is empty, ignoring it
[23:59:39] [Server thread/INFO]: [QuestSystem] Enabling QuestSystem v1.0.0
[23:59:39] [Server thread/INFO]: Hello World
[23:59:39] [Server thread/INFO]: CONSOLE: Reload complete.
[23:59:39] [Server thread/INFO]: Timings Reset
